Traceback (most recent call last):
  File "/opt/anaconda3/anaconda3/lib/python3.11/site-packages/jupyter_cache/executors/utils.py", line 58, in single_nb_execution
    executenb(
  File "/opt/anaconda3/anaconda3/lib/python3.11/site-packages/nbclient/client.py", line 1305, in execute
    return NotebookClient(nb=nb, resources=resources, km=km, **kwargs).execute()
           ^^^^^^^^^^^^^^^^^^^^^^^^^^^^^^^^^^^^^^^^^^^^^^^^^^^^^^^^^^^^^^^^^^^^^
  File "/opt/anaconda3/anaconda3/lib/python3.11/site-packages/jupyter_core/utils/__init__.py", line 173, in wrapped
    return loop.run_until_complete(inner)
           ^^^^^^^^^^^^^^^^^^^^^^^^^^^^^^
  File "/opt/anaconda3/anaconda3/lib/python3.11/asyncio/base_events.py", line 653, in run_until_complete
    return future.result()
           ^^^^^^^^^^^^^^^
  File "/opt/anaconda3/anaconda3/lib/python3.11/site-packages/nbclient/client.py", line 705, in async_execute
    await self.async_execute_cell(
  File "/opt/anaconda3/anaconda3/lib/python3.11/site-packages/nbclient/client.py", line 1058, in async_execute_cell
    await self._check_raise_for_error(cell, cell_index, exec_reply)
  File "/opt/anaconda3/anaconda3/lib/python3.11/site-packages/nbclient/client.py", line 914, in _check_raise_for_error
    raise CellExecutionError.from_cell_and_msg(cell, exec_reply_content)
nbclient.exceptions.CellExecutionError: An error occurred while executing the following cell:
------------------
nSamples = 100 # we will draw 100 samples at each samplesize
samplesizes=range(1,100) # try all values of n from 1 to 100
simulatedSEM=np.zeros(len(samplesizes))
calculatedSEM=np.zeros(len(samplesizes))

for j in range(len(samplesizes)):
    m=np.zeros(nSamples) # make an array to store the means

    for i in range(nSamples):
        # Your code here to fill in m with sample means
        pass # This is a placeholder, delete it!
        
    simulatedSEM[j] = # your code here
    calculatedSEM[j] = # your code here

#plt.plot(samplesizes, calculatedSEM, 'r')
#plt.plot(samplesizes, simulatedSEM, 'k.-')

#plt.xlabel('sample mean')
#plt.ylabel('SEM')

#plt.tight_layout()
#plt.show()
------------------


[0;36m  Cell [0;32mIn[13], line 13[0;36m[0m
[0;31m    simulatedSEM[j] = # your code here[0m
[0m                      ^[0m
[0;31mSyntaxError[0m[0;31m:[0m invalid syntax


